2017-04-09 21:27:49 FileUtil.java:138 - [ ERROR ] 文件E:\Java\chess\tool\target\config\config.xml配置有误
javax.xml.stream.XMLStreamException: ParseError at [row,col]:[9,64]
Message: 对实体 "sid" 的引用必须以 ';' 分隔符结尾。
	at com.sun.org.apache.xerces.internal.impl.XMLStreamReaderImpl.next(Unknown Source)
	at com.sun.xml.internal.stream.XMLEventReaderImpl.nextEvent(Unknown Source)
	at org.simpleframework.xml.stream.StreamReader.read(StreamReader.java:110)
	at org.simpleframework.xml.stream.StreamReader.next(StreamReader.java:94)
	at org.simpleframework.xml.stream.StreamReader.peek(StreamReader.java:77)
	at org.simpleframework.xml.stream.NodeReader.readText(NodeReader.java:258)
	at org.simpleframework.xml.stream.NodeReader.readValue(NodeReader.java:235)
	at org.simpleframework.xml.stream.InputElement.getValue(InputElement.java:201)
	at org.simpleframework.xml.core.Primitive.read(Primitive.java:163)
	at org.simpleframework.xml.core.Primitive.readElement(Primitive.java:207)
	at org.simpleframework.xml.core.Primitive.readElement(Primitive.java:189)
	at org.simpleframework.xml.core.Primitive.read(Primitive.java:124)
	at org.simpleframework.xml.core.Composite.readVariable(Composite.java:623)
	at org.simpleframework.xml.core.Composite.readInstance(Composite.java:573)
	at org.simpleframework.xml.core.Composite.readUnion(Composite.java:549)
	at org.simpleframework.xml.core.Composite.readElement(Composite.java:532)
	at org.simpleframework.xml.core.Composite.readElements(Composite.java:445)
	at org.simpleframework.xml.core.Composite.access$400(Composite.java:59)
	at org.simpleframework.xml.core.Composite$Builder.read(Composite.java:1383)
	at org.simpleframework.xml.core.Composite.read(Composite.java:201)
	at org.simpleframework.xml.core.Composite.read(Composite.java:148)
	at org.simpleframework.xml.core.Traverser.read(Traverser.java:92)
	at org.simpleframework.xml.core.CompositeList.populate(CompositeList.java:175)
	at org.simpleframework.xml.core.CompositeList.read(CompositeList.java:148)
	at org.simpleframework.xml.core.Composite.readVariable(Composite.java:619)
	at org.simpleframework.xml.core.Composite.readInstance(Composite.java:573)
	at org.simpleframework.xml.core.Composite.readUnion(Composite.java:549)
	at org.simpleframework.xml.core.Composite.readElement(Composite.java:532)
	at org.simpleframework.xml.core.Composite.readElements(Composite.java:445)
	at org.simpleframework.xml.core.Composite.access$400(Composite.java:59)
	at org.simpleframework.xml.core.Composite$Builder.read(Composite.java:1383)
	at org.simpleframework.xml.core.Composite.read(Composite.java:201)
	at org.simpleframework.xml.core.Composite.read(Composite.java:148)
	at org.simpleframework.xml.core.Traverser.read(Traverser.java:92)
	at org.simpleframework.xml.core.Persister.read(Persister.java:625)
	at org.simpleframework.xml.core.Persister.read(Persister.java:606)
	at org.simpleframework.xml.core.Persister.read(Persister.java:584)
	at org.simpleframework.xml.core.Persister.read(Persister.java:543)
	at org.simpleframework.xml.core.Persister.read(Persister.java:521)
	at org.simpleframework.xml.core.Persister.read(Persister.java:426)
	at com.jjy.game.dbtool.util.FileUtil.getConfigXML(FileUtil.java:136)
	at com.jjy.game.dbtool.DBTool.init(DBTool.java:329)
	at com.jjy.game.dbtool.DBTool.<init>(DBTool.java:46)
	at com.jjy.game.dbtool.DBTool$7.run(DBTool.java:295)
	at java.awt.event.InvocationEvent.dispatch(Unknown Source)
	at java.awt.EventQueue.dispatchEventImpl(Unknown Source)
	at java.awt.EventQueue.access$500(Unknown Source)
	at java.awt.EventQueue$3.run(Unknown Source)
	at java.awt.EventQueue$3.run(Unknown Source)
	at java.security.AccessController.doPrivileged(Native Method)
	at java.security.ProtectionDomain$JavaSecurityAccessImpl.doIntersectionPrivilege(Unknown Source)
	at java.awt.EventQueue.dispatchEvent(Unknown Source)
	at java.awt.EventDispatchThread.pumpOneEventForFilters(Unknown Source)
	at java.awt.EventDispatchThread.pumpEventsForFilter(Unknown Source)
	at java.awt.EventDispatchThread.pumpEventsForHierarchy(Unknown Source)
	at java.awt.EventDispatchThread.pumpEvents(Unknown Source)
	at java.awt.EventDispatchThread.pumpEvents(Unknown Source)
	at java.awt.EventDispatchThread.run(Unknown Source)
2017-04-09 21:27:49 DBTool.java:331 - [ ERROR ] 配置文件null不存在
2017-04-09 21:27:51 FileUtil.java:138 - [ ERROR ] 文件E:\Java\chess\tool\target\config\config.xml配置有误
javax.xml.stream.XMLStreamException: ParseError at [row,col]:[9,64]
Message: 对实体 "sid" 的引用必须以 ';' 分隔符结尾。
	at com.sun.org.apache.xerces.internal.impl.XMLStreamReaderImpl.next(Unknown Source)
	at com.sun.xml.internal.stream.XMLEventReaderImpl.nextEvent(Unknown Source)
	at org.simpleframework.xml.stream.StreamReader.read(StreamReader.java:110)
	at org.simpleframework.xml.stream.StreamReader.next(StreamReader.java:94)
	at org.simpleframework.xml.stream.StreamReader.peek(StreamReader.java:77)
	at org.simpleframework.xml.stream.NodeReader.readText(NodeReader.java:258)
	at org.simpleframework.xml.stream.NodeReader.readValue(NodeReader.java:235)
	at org.simpleframework.xml.stream.InputElement.getValue(InputElement.java:201)
	at org.simpleframework.xml.core.Primitive.read(Primitive.java:163)
	at org.simpleframework.xml.core.Primitive.readElement(Primitive.java:207)
	at org.simpleframework.xml.core.Primitive.readElement(Primitive.java:189)
	at org.simpleframework.xml.core.Primitive.read(Primitive.java:124)
	at org.simpleframework.xml.core.Composite.readVariable(Composite.java:623)
	at org.simpleframework.xml.core.Composite.readInstance(Composite.java:573)
	at org.simpleframework.xml.core.Composite.readUnion(Composite.java:549)
	at org.simpleframework.xml.core.Composite.readElement(Composite.java:532)
	at org.simpleframework.xml.core.Composite.readElements(Composite.java:445)
	at org.simpleframework.xml.core.Composite.access$400(Composite.java:59)
	at org.simpleframework.xml.core.Composite$Builder.read(Composite.java:1383)
	at org.simpleframework.xml.core.Composite.read(Composite.java:201)
	at org.simpleframework.xml.core.Composite.read(Composite.java:148)
	at org.simpleframework.xml.core.Traverser.read(Traverser.java:92)
	at org.simpleframework.xml.core.CompositeList.populate(CompositeList.java:175)
	at org.simpleframework.xml.core.CompositeList.read(CompositeList.java:148)
	at org.simpleframework.xml.core.Composite.readVariable(Composite.java:619)
	at org.simpleframework.xml.core.Composite.readInstance(Composite.java:573)
	at org.simpleframework.xml.core.Composite.readUnion(Composite.java:549)
	at org.simpleframework.xml.core.Composite.readElement(Composite.java:532)
	at org.simpleframework.xml.core.Composite.readElements(Composite.java:445)
	at org.simpleframework.xml.core.Composite.access$400(Composite.java:59)
	at org.simpleframework.xml.core.Composite$Builder.read(Composite.java:1383)
	at org.simpleframework.xml.core.Composite.read(Composite.java:201)
	at org.simpleframework.xml.core.Composite.read(Composite.java:148)
	at org.simpleframework.xml.core.Traverser.read(Traverser.java:92)
	at org.simpleframework.xml.core.Persister.read(Persister.java:625)
	at org.simpleframework.xml.core.Persister.read(Persister.java:606)
	at org.simpleframework.xml.core.Persister.read(Persister.java:584)
	at org.simpleframework.xml.core.Persister.read(Persister.java:543)
	at org.simpleframework.xml.core.Persister.read(Persister.java:521)
	at org.simpleframework.xml.core.Persister.read(Persister.java:426)
	at com.jjy.game.dbtool.util.FileUtil.getConfigXML(FileUtil.java:136)
	at com.jjy.game.dbtool.DBTool.init(DBTool.java:329)
	at com.jjy.game.dbtool.DBTool.<init>(DBTool.java:46)
	at com.jjy.game.dbtool.DBTool$7.run(DBTool.java:295)
	at java.awt.event.InvocationEvent.dispatch(Unknown Source)
	at java.awt.EventQueue.dispatchEventImpl(Unknown Source)
	at java.awt.EventQueue.access$500(Unknown Source)
	at java.awt.EventQueue$3.run(Unknown Source)
	at java.awt.EventQueue$3.run(Unknown Source)
	at java.security.AccessController.doPrivileged(Native Method)
	at java.security.ProtectionDomain$JavaSecurityAccessImpl.doIntersectionPrivilege(Unknown Source)
	at java.awt.EventQueue.dispatchEvent(Unknown Source)
	at java.awt.EventDispatchThread.pumpOneEventForFilters(Unknown Source)
	at java.awt.EventDispatchThread.pumpEventsForFilter(Unknown Source)
	at java.awt.EventDispatchThread.pumpEventsForHierarchy(Unknown Source)
	at java.awt.EventDispatchThread.pumpEvents(Unknown Source)
	at java.awt.EventDispatchThread.pumpEvents(Unknown Source)
	at java.awt.EventDispatchThread.run(Unknown Source)
2017-04-09 21:27:51 DBTool.java:331 - [ ERROR ] 配置文件null不存在
2017-04-09 21:27:52 FileUtil.java:138 - [ ERROR ] 文件E:\Java\chess\tool\target\config\config.xml配置有误
javax.xml.stream.XMLStreamException: ParseError at [row,col]:[9,64]
Message: 对实体 "sid" 的引用必须以 ';' 分隔符结尾。
	at com.sun.org.apache.xerces.internal.impl.XMLStreamReaderImpl.next(Unknown Source)
	at com.sun.xml.internal.stream.XMLEventReaderImpl.nextEvent(Unknown Source)
	at org.simpleframework.xml.stream.StreamReader.read(StreamReader.java:110)
	at org.simpleframework.xml.stream.StreamReader.next(StreamReader.java:94)
	at org.simpleframework.xml.stream.StreamReader.peek(StreamReader.java:77)
	at org.simpleframework.xml.stream.NodeReader.readText(NodeReader.java:258)
	at org.simpleframework.xml.stream.NodeReader.readValue(NodeReader.java:235)
	at org.simpleframework.xml.stream.InputElement.getValue(InputElement.java:201)
	at org.simpleframework.xml.core.Primitive.read(Primitive.java:163)
	at org.simpleframework.xml.core.Primitive.readElement(Primitive.java:207)
	at org.simpleframework.xml.core.Primitive.readElement(Primitive.java:189)
	at org.simpleframework.xml.core.Primitive.read(Primitive.java:124)
	at org.simpleframework.xml.core.Composite.readVariable(Composite.java:623)
	at org.simpleframework.xml.core.Composite.readInstance(Composite.java:573)
	at org.simpleframework.xml.core.Composite.readUnion(Composite.java:549)
	at org.simpleframework.xml.core.Composite.readElement(Composite.java:532)
	at org.simpleframework.xml.core.Composite.readElements(Composite.java:445)
	at org.simpleframework.xml.core.Composite.access$400(Composite.java:59)
	at org.simpleframework.xml.core.Composite$Builder.read(Composite.java:1383)
	at org.simpleframework.xml.core.Composite.read(Composite.java:201)
	at org.simpleframework.xml.core.Composite.read(Composite.java:148)
	at org.simpleframework.xml.core.Traverser.read(Traverser.java:92)
	at org.simpleframework.xml.core.CompositeList.populate(CompositeList.java:175)
	at org.simpleframework.xml.core.CompositeList.read(CompositeList.java:148)
	at org.simpleframework.xml.core.Composite.readVariable(Composite.java:619)
	at org.simpleframework.xml.core.Composite.readInstance(Composite.java:573)
	at org.simpleframework.xml.core.Composite.readUnion(Composite.java:549)
	at org.simpleframework.xml.core.Composite.readElement(Composite.java:532)
	at org.simpleframework.xml.core.Composite.readElements(Composite.java:445)
	at org.simpleframework.xml.core.Composite.access$400(Composite.java:59)
	at org.simpleframework.xml.core.Composite$Builder.read(Composite.java:1383)
	at org.simpleframework.xml.core.Composite.read(Composite.java:201)
	at org.simpleframework.xml.core.Composite.read(Composite.java:148)
	at org.simpleframework.xml.core.Traverser.read(Traverser.java:92)
	at org.simpleframework.xml.core.Persister.read(Persister.java:625)
	at org.simpleframework.xml.core.Persister.read(Persister.java:606)
	at org.simpleframework.xml.core.Persister.read(Persister.java:584)
	at org.simpleframework.xml.core.Persister.read(Persister.java:543)
	at org.simpleframework.xml.core.Persister.read(Persister.java:521)
	at org.simpleframework.xml.core.Persister.read(Persister.java:426)
	at com.jjy.game.dbtool.util.FileUtil.getConfigXML(FileUtil.java:136)
	at com.jjy.game.dbtool.DBTool.init(DBTool.java:329)
	at com.jjy.game.dbtool.DBTool.<init>(DBTool.java:46)
	at com.jjy.game.dbtool.DBTool$7.run(DBTool.java:295)
	at java.awt.event.InvocationEvent.dispatch(Unknown Source)
	at java.awt.EventQueue.dispatchEventImpl(Unknown Source)
	at java.awt.EventQueue.access$500(Unknown Source)
	at java.awt.EventQueue$3.run(Unknown Source)
	at java.awt.EventQueue$3.run(Unknown Source)
	at java.security.AccessController.doPrivileged(Native Method)
	at java.security.ProtectionDomain$JavaSecurityAccessImpl.doIntersectionPrivilege(Unknown Source)
	at java.awt.EventQueue.dispatchEvent(Unknown Source)
	at java.awt.EventDispatchThread.pumpOneEventForFilters(Unknown Source)
	at java.awt.EventDispatchThread.pumpEventsForFilter(Unknown Source)
	at java.awt.EventDispatchThread.pumpEventsForHierarchy(Unknown Source)
	at java.awt.EventDispatchThread.pumpEvents(Unknown Source)
	at java.awt.EventDispatchThread.pumpEvents(Unknown Source)
	at java.awt.EventDispatchThread.run(Unknown Source)
2017-04-09 21:27:52 DBTool.java:331 - [ ERROR ] 配置文件null不存在
